[DEEPWORLD] ✅ NVIDIA health check OK (response: 'OK, I'm ready')

  DeepWorld v5 | 5d × 12t | ~1.0min | CMTIP: ON
  Backend: NVIDIA NIM (free, random models per agent)
Traceback (most recent call last):
  File "/home/runner/work/deepworld/deepworld/run.py", line 140, in <module>
    main()
  File "/home/runner/work/deepworld/deepworld/run.py", line 93, in main
    engine = OmniTokV4Engine(
             ^^^^^^^^^^^^^^^^
  File "/home/runner/work/deepworld/deepworld/v4/engine/__init__.py", line 43, in __init__
    self.cmtip = CMTIPBridge() if self.use_cmtip else None
                 ^^^^^^^^^^^^^
  File "/home/runner/work/deepworld/deepworld/v4/agents/cmtip_bridge.py", line 134, in __init__
    self._init_concepts()
  File "/home/runner/work/deepworld/deepworld/v4/agents/cmtip_bridge.py", line 186, in _init_concepts
    backend = self._get_backend(family)
              ^^^^^^^^^^^^^^^^^^^^^^^^^
  File "/home/runner/work/deepworld/deepworld/v4/agents/cmtip_bridge.py", line 143, in _get_backend
    from real_backends import SentenceTransformerBackend
ModuleNotFoundError: No module named 'real_backends'
